2023-11-09 15:44:43 | ERROR | [main] YatzyGame:21 - Start the Game
2023-11-09 15:45:35 | INFO  | [main] YatzyGame:21 - Start the Game
2023-11-09 15:45:35 | INFO  | [main] YatzyGame:27 - Game Score 0
2023-11-09 15:45:40 | INFO  | [main] YatzyGame:21 - Start the Game
2023-11-09 15:45:40 | INFO  | [main] YatzyGame:27 - Game Score 0
2023-11-09 15:48:19 | INFO  | [main] YatzyGame:22 - Start the Game
2023-11-09 15:48:19 | INFO  | [main] YatzyGame:27 - dices used for the game [-1217415376, -1491642103, -2072338362, 1666011067, -1877718281]
2023-11-09 15:48:19 | INFO  | [main] YatzyGame:28 - Yatzy Category FOUR_OF_KIND
2023-11-09 15:48:19 | INFO  | [main] YatzyGame:31 - Game Score 0
2023-11-09 15:51:25 | INFO  | [main] YatzyGame:22 - Start the Game
2023-11-09 15:51:25 | INFO  | [main] YatzyGame:28 - dices used for the game [2, 4, 1, 4, 1]
2023-11-09 15:51:25 | INFO  | [main] YatzyGame:29 - Yatzy Category TOW_PAIR
2023-11-09 15:51:25 | INFO  | [main] YatzyGame:32 - Game Score 10
2023-11-09 17:14:38 | INFO  | [main] YatzyGame:21 - Start the Game
2023-11-09 17:14:38 | INFO  | [main] YatzyGame:22 - Yatzy Category LARGE_STRAIGHT
2023-11-09 17:14:38 | INFO  | [main] YatzyGame:29 - dices used for the game [2, 5, 1, 3, 3]
2023-11-09 17:14:38 | INFO  | [main] YatzyGame:31 - Score calculation ...
2023-11-09 17:14:38 | INFO  | [main] YatzyGame:33 - Game Score 0
2023-11-09 17:18:42 | INFO  | [main] YatzyGame:21 - Start the Game
2023-11-09 17:18:42 | INFO  | [main] YatzyGame:22 - Yatzy Category THREES
2023-11-09 17:18:42 | INFO  | [main] YatzyGame:29 - dices used for the game [4, 3, 1, 3, 2]
2023-11-09 17:18:42 | INFO  | [main] YatzyGame:31 - Score calculation ...
2023-11-09 17:18:42 | INFO  | [main] YatzyGame:33 - Game Score 6
